# JRE version: Java(TM) SE Runtime Environment (8.0_66-b17) (build 1.8.0_66-b17)
# Java VM: Java HotSpot(TM) 64-Bit Server VM (25.66-b17 mixed mode bsd-amd64 compressed oops)
Heap:
 PSYoungGen      total 9728K, used 8728K [0x00000007bf580000, 0x00000007c0000000, 0x00000007c0000000)
  eden space 8704K, 88% used [0x00000007bf580000,0x00000007bfd06390,0x00000007bfe00000)
  from space 1024K, 100% used [0x00000007bff00000,0x00000007c0000000,0x00000007c0000000)
  to   space 1024K, 0% used [0x00000007bfe00000,0x00000007bfe00000,0x00000007bff00000)
 ParOldGen       total 22016K, used 3441K [0x00000007be000000, 0x00000007bf580000, 0x00000007bf580000)
  object space 22016K, 15% used [0x00000007be000000,0x00000007be35c698,0x00000007bf580000)
 Metaspace       used 11163K, capacity 11350K, committed 11648K, reserved 1058816K
  class space    used 1230K, capacity 1317K, committed 1408K, reserved 1048576K
GC Heap History (4 events):
Event: 30.264 GC heap before
{Heap before GC invocations=1 (full 0):
 PSYoungGen      total 9728K, used 8704K [0x00000007bf580000, 0x00000007c0000000, 0x00000007c0000000)
  eden space 8704K, 100% used [0x00000007bf580000,0x00000007bfe00000,0x00000007bfe00000)
  from space 1024K, 0% used [0x00000007bff00000,0x00000007bff00000,0x00000007c0000000)
  to   space 1024K, 0% used [0x00000007bfe00000,0x00000007bfe00000,0x00000007bff00000)
 ParOldGen       total 22016K, used 0K [0x00000007be000000, 0x00000007bf580000, 0x00000007bf580000)
  object space 22016K, 0% used [0x00000007be000000,0x00000007be000000,0x00000007bf580000)
 Metaspace       used 8083K, capacity 8288K, committed 8448K, reserved 1056768K
  class space    used 897K, capacity 974K, committed 1024K, reserved 1048576K
Event: 30.267 GC heap after
Heap after GC invocations=1 (full 0):
 PSYoungGen      total 9728K, used 1024K [0x00000007bf580000, 0x00000007c0000000, 0x00000007c0000000)
  eden space 8704K, 0% used [0x00000007bf580000,0x00000007bf580000,0x00000007bfe00000)
  from space 1024K, 100% used [0x00000007bfe00000,0x00000007bff00000,0x00000007bff00000)
  to   space 1024K, 0% used [0x00000007bff00000,0x00000007bff00000,0x00000007c0000000)
 ParOldGen       total 22016K, used 1394K [0x00000007be000000, 0x00000007bf580000, 0x00000007bf580000)
  object space 22016K, 6% used [0x00000007be000000,0x00000007be15caa0,0x00000007bf580000)
 Metaspace       used 8083K, capacity 8288K, committed 8448K, reserved 1056768K
  class space    used 897K, capacity 974K, committed 1024K, reserved 1048576K
}
Event: 30.448 GC heap before
{Heap before GC invocations=2 (full 0):
 PSYoungGen      total 9728K, used 9728K [0x00000007bf580000, 0x00000007c0000000, 0x00000007c0000000)
  eden space 8704K, 100% used [0x00000007bf580000,0x00000007bfe00000,0x00000007bfe00000)
  from space 1024K, 100% used [0x00000007bfe00000,0x00000007bff00000,0x00000007bff00000)
  to   space 1024K, 0% used [0x00000007bff00000,0x00000007bff00000,0x00000007c0000000)
 ParOldGen       total 22016K, used 1394K [0x00000007be000000, 0x00000007bf580000, 0x00000007bf580000)
  object space 22016K, 6% used [0x00000007be000000,0x00000007be15caa0,0x00000007bf580000)
 Metaspace       used 9712K, capacity 9946K, committed 10240K, reserved 1058816K
  class space    used 1073K, capacity 1179K, committed 1280K, reserved 1048576K
Event: 30.451 GC heap after
Heap after GC invocations=2 (full 0):
 PSYoungGen      total 9728K, used 1024K [0x00000007bf580000, 0x00000007c0000000, 0x00000007c0000000)
  eden space 8704K, 0% used [0x00000007bf580000,0x00000007bf580000,0x00000007bfe00000)
  from space 1024K, 100% used [0x00000007bff00000,0x00000007c0000000,0x00000007c0000000)
  to   space 1024K, 0% used [0x00000007bfe00000,0x00000007bfe00000,0x00000007bff00000)
 ParOldGen       total 22016K, used 3441K [0x00000007be000000, 0x00000007bf580000, 0x00000007bf580000)
  object space 22016K, 15% used [0x00000007be000000,0x00000007be35c698,0x00000007bf580000)
 Metaspace       used 9712K, capacity 9946K, committed 10240K, reserved 1058816K
  class space    used 1073K, capacity 1179K, committed 1280K, reserved 1048576K
}

